<?xml version="1.0" encoding="UTF-8"?>
<!-- Generated by org.testng.reporters.JUnitReportReporter -->
<testsuite skipped="0" hostname="WINVA185060-0WA" name="com.sag.dataprovider.TestDataProvider" tests="2" failures="0" timestamp="26 Jan 2021 14:35:19 GMT" time="0.008" errors="0">
  <testcase name="testExceldata" time="0.001" classname="com.sag.dataprovider.TestDataProvider"/>
  <testcase name="testExceldata" time="0.007" classname="com.sag.dataprovider.TestDataProvider"/>
</testsuite> <!-- com.sag.dataprovider.TestDataProvider -->
