<?xml version="1.0" encoding="UTF-8"?>
<!-- Generated by org.testng.reporters.JUnitReportReporter -->
<testsuite skipped="0" hostname="WINVA185060-0WA" name="com.sag.pos.EomTest" tests="1" failures="0" timestamp="26 Nov 2020 05:34:19 GMT" time="0.000" errors="0">
  <testcase name="eom" time="0.000" classname="com.sag.pos.EomTest"/>
</testsuite> <!-- com.sag.pos.EomTest -->
